<?xml version="1.0" encoding="UTF-8"?>
<!-- Generated by org.testng.reporters.JUnitReportReporter -->
<testsuite hostname="5CD4526P7D" failures="0" tests="2" name="test.java.com.lambdatest.CertificationTest" time="42.253" errors="0" timestamp="2025-11-19T20:54:24 CST" skipped="0">
  <testcase classname="test.java.com.lambdatest.CertificationTest" name="testScenarios" time="18.177"/>
  <testcase classname="test.java.com.lambdatest.CertificationTest" name="testScenarios" time="24.076"/>
</testsuite> <!-- test.java.com.lambdatest.CertificationTest -->
