<?xml version="1.0" encoding="UTF-8"?>
<testng-results ignored="0" total="2" passed="2" failed="0" skipped="0">
  <reporter-output>
  </reporter-output>
  <suite started-at="2025-11-19T20:53:52 CST" name="Selenium101Suite" finished-at="2025-11-19T20:54:24 CST" duration-ms="31763">
    <groups>
    </groups>
    <test started-at="2025-11-19T20:53:52 CST" name="Mac Safari Test" finished-at="2025-11-19T20:54:20 CST" duration-ms="28620">
      <class name="test.java.com.lambdatest.CertificationTest">
        <test-method is-config="true" signature="setup(java.lang.String,java.lang.String,java.lang.String)[pri:0, instance:test.java.com.lambdatest.CertificationTest@59505b48]" started-at="2025-11-19T20:53:52 CST" name="setup" finished-at="2025-11-19T20:54:02 CST" duration-ms="10323" status="PASS">
          <params>
            <param index="0">
              <value>
                <![CDATA[Safari]]>
              </value>
            </param>
            <param index="1">
              <value>
                <![CDATA[latest]]>
              </value>
            </param>
            <param index="2">
              <value>
                <![CDATA[macOS Catalina]]>
              </value>
            </param>
          </params>
          <reporter-output>
          </reporter-output>
        </test-method> <!-- setup -->
        <test-method signature="testScenarios()[pri:0, instance:test.java.com.lambdatest.CertificationTest@59505b48]" started-at="2025-11-19T20:54:02 CST" name="testScenarios" finished-at="2025-11-19T20:54:20 CST" duration-ms="18177" status="PASS">
          <reporter-output>
          </reporter-output>
        </test-method> <!-- testScenarios -->
        <test-method is-config="true" signature="tearDown()[pri:0, instance:test.java.com.lambdatest.CertificationTest@59505b48]" started-at="2025-11-19T20:54:20 CST" name="tearDown" finished-at="2025-11-19T20:54:20 CST" duration-ms="109" status="PASS">
          <reporter-output>
          </reporter-output>
        </test-method> <!-- tearDown -->
      </class> <!-- test.java.com.lambdatest.CertificationTest -->
    </test> <!-- Mac Safari Test -->
    <test started-at="2025-11-19T20:53:52 CST" name="Windows Chrome Test" finished-at="2025-11-19T20:54:24 CST" duration-ms="31763">
      <class name="test.java.com.lambdatest.CertificationTest">
        <test-method is-config="true" signature="setup(java.lang.String,java.lang.String,java.lang.String)[pri:0, instance:test.java.com.lambdatest.CertificationTest@7c711375]" started-at="2025-11-19T20:53:52 CST" name="setup" finished-at="2025-11-19T20:53:59 CST" duration-ms="7382" status="PASS">
          <params>
            <param index="0">
              <value>
                <![CDATA[Chrome]]>
              </value>
            </param>
            <param index="1">
              <value>
                <![CDATA[latest]]>
              </value>
            </param>
            <param index="2">
              <value>
                <![CDATA[Windows 10]]>
              </value>
            </param>
          </params>
          <reporter-output>
          </reporter-output>
        </test-method> <!-- setup -->
        <test-method signature="testScenarios()[pri:0, instance:test.java.com.lambdatest.CertificationTest@7c711375]" started-at="2025-11-19T20:53:59 CST" name="testScenarios" finished-at="2025-11-19T20:54:23 CST" duration-ms="24076" status="PASS">
          <reporter-output>
          </reporter-output>
        </test-method> <!-- testScenarios -->
        <test-method is-config="true" signature="tearDown()[pri:0, instance:test.java.com.lambdatest.CertificationTest@7c711375]" started-at="2025-11-19T20:54:23 CST" name="tearDown" finished-at="2025-11-19T20:54:24 CST" duration-ms="285" status="PASS">
          <reporter-output>
          </reporter-output>
        </test-method> <!-- tearDown -->
      </class> <!-- test.java.com.lambdatest.CertificationTest -->
    </test> <!-- Windows Chrome Test -->
  </suite> <!-- Selenium101Suite -->
</testng-results>
